Watching for file changes with StatReloader
Not Found: /.well-known/acme-challenge/8OY547H3ZCL3LX-QKMZRWWQE9GN4Q_DX
[21/Aug/2024 20:49:51] "GET /.well-known/acme-challenge/8OY547H3ZCL3LX-QKMZRWWQE9GN4Q_DX HTTP/1.1" 404 3228
[21/Aug/2024 20:49:57] "GET /user/ HTTP/1.1" 200 31717
[21/Aug/2024 20:51:12] "GET /user/ HTTP/1.1" 200 31717
[21/Aug/2024 20:51:30] "GET /user/user-logout HTTP/1.1" 302 0
[21/Aug/2024 20:51:30] "GET /user/user-login HTTP/1.1" 200 14851
[21/Aug/2024 20:51:39] "POST /user/user-login HTTP/1.1" 302 0
[21/Aug/2024 20:51:39] "GET /user/ HTTP/1.1" 200 31717
Internal Server Error: /user/aadhar-pay
Traceback (most recent call last):
  File "/home/django/abdigitalindia.in/venv/lib/python3.8/site-packages/django/core/handlers/exception.py", line 55, in inner
    response = get_response(request)
  File "/home/django/abdigitalindia.in/venv/lib/python3.8/site-packages/django/core/handlers/base.py", line 197, in _get_response
    response = wrapped_callback(request, *callback_args, **callback_kwargs)
  File "/home/django/abdigitalindia.in/venv/lib/python3.8/site-packages/django/contrib/auth/decorators.py", line 23, in _wrapper_view
    return view_func(request, *args, **kwargs)
  File "/home/django/abdigitalindia.in/venv/lib/python3.8/site-packages/django/contrib/auth/decorators.py", line 23, in _wrapper_view
    return view_func(request, *args, **kwargs)
  File "/home/django/abdigitalindia.in/venv/lib/python3.8/site-packages/django/contrib/auth/decorators.py", line 22, in _wrapper_view
    if test_func(request.user):
  File "/home/django/abdigitalindia.in/backend/utils.py", line 215, in is_user_registered_with_paysprint
    return user.pay_sprint_ref_no is not None
  File "/home/django/abdigitalindia.in/venv/lib/python3.8/site-packages/django/utils/functional.py", line 268, in inner
    return func(_wrapped, *args)
AttributeError: 'UserAccount' object has no attribute 'pay_sprint_ref_no'
[21/Aug/2024 20:51:43] "GET /user/aadhar-pay HTTP/1.1" 500 82892
Not Found: /favicon.ico
[21/Aug/2024 20:51:44] "GET /favicon.ico HTTP/1.1" 404 3084
Internal Server Error: /user/aadhar-pay
Traceback (most recent call last):
  File "/home/django/abdigitalindia.in/venv/lib/python3.8/site-packages/django/core/handlers/exception.py", line 55, in inner
    response = get_response(request)
  File "/home/django/abdigitalindia.in/venv/lib/python3.8/site-packages/django/core/handlers/base.py", line 197, in _get_response
    response = wrapped_callback(request, *callback_args, **callback_kwargs)
  File "/home/django/abdigitalindia.in/venv/lib/python3.8/site-packages/django/contrib/auth/decorators.py", line 23, in _wrapper_view
    return view_func(request, *args, **kwargs)
  File "/home/django/abdigitalindia.in/venv/lib/python3.8/site-packages/django/contrib/auth/decorators.py", line 23, in _wrapper_view
    return view_func(request, *args, **kwargs)
  File "/home/django/abdigitalindia.in/venv/lib/python3.8/site-packages/django/contrib/auth/decorators.py", line 22, in _wrapper_view
    if test_func(request.user):
  File "/home/django/abdigitalindia.in/backend/utils.py", line 215, in is_user_registered_with_paysprint
    return user.pay_sprint_ref_no is not None
  File "/home/django/abdigitalindia.in/venv/lib/python3.8/site-packages/django/utils/functional.py", line 268, in inner
    return func(_wrapped, *args)
AttributeError: 'UserAccount' object has no attribute 'pay_sprint_ref_no'
[21/Aug/2024 20:54:38] "GET /user/aadhar-pay HTTP/1.1" 500 82867
Not Found: /robots.txt
[21/Aug/2024 20:56:20] "GET /robots.txt HTTP/1.1" 404 3081
[21/Aug/2024 20:56:20] "GET / HTTP/1.1" 200 31911
Not Found: /xmlrpc.php
[21/Aug/2024 20:56:32] "POST /xmlrpc.php HTTP/1.1" 404 3082
Not Found: /xmlrpc.php
[21/Aug/2024 20:56:34] "POST /xmlrpc.php HTTP/1.1" 404 3082
/home/django/abdigitalindia.in/core/models.py changed, reloading.
Performing system checks...

System check identified no issues (0 silenced).
August 21, 2024 - 20:49:50
Django version 4.2.10, using settings 'ab_digital_india.settings'
Starting development server at http://127.0.0.1:8000/
Quit the server with CONTROL-C.

Watching for file changes with StatReloader
Exception in thread django-main-thread:
Traceback (most recent call last):
  File "/usr/lib/python3.8/threading.py", line 932, in _bootstrap_inner
    self.run()
  File "/usr/lib/python3.8/threading.py", line 870, in run
    self._target(*self._args, **self._kwargs)
  File "/home/django/abdigitalindia.in/venv/lib/python3.8/site-packages/django/utils/autoreload.py", line 64, in wrapper
    fn(*args, **kwargs)
  File "/home/django/abdigitalindia.in/venv/lib/python3.8/site-packages/django/core/management/commands/runserver.py", line 125, in inner_run
    autoreload.raise_last_exception()
  File "/home/django/abdigitalindia.in/venv/lib/python3.8/site-packages/django/utils/autoreload.py", line 87, in raise_last_exception
    raise _exception[1]
  File "/home/django/abdigitalindia.in/venv/lib/python3.8/site-packages/django/core/management/__init__.py", line 394, in execute
    autoreload.check_errors(django.setup)()
  File "/home/django/abdigitalindia.in/venv/lib/python3.8/site-packages/django/utils/autoreload.py", line 64, in wrapper
    fn(*args, **kwargs)
  File "/home/django/abdigitalindia.in/venv/lib/python3.8/site-packages/django/__init__.py", line 24, in setup
    apps.populate(settings.INSTALLED_APPS)
  File "/home/django/abdigitalindia.in/venv/lib/python3.8/site-packages/django/apps/registry.py", line 116, in populate
    app_config.import_models()
  File "/home/django/abdigitalindia.in/venv/lib/python3.8/site-packages/django/apps/config.py", line 269, in import_models
    self.models_module = import_module(models_module_name)
  File "/usr/lib/python3.8/importlib/__init__.py", line 127, in import_module
    return _bootstrap._gcd_import(name[level:], package, level)
  File "<frozen importlib._bootstrap>", line 1014, in _gcd_import
  File "<frozen importlib._bootstrap>", line 991, in _find_and_load
  File "<frozen importlib._bootstrap>", line 975, in _find_and_load_unlocked
  File "<frozen importlib._bootstrap>", line 671, in _load_unlocked
  File "<frozen importlib._bootstrap_external>", line 844, in exec_module
  File "<frozen importlib._bootstrap_external>", line 981, in get_code
  File "<frozen importlib._bootstrap_external>", line 911, in source_to_code
  File "<frozen importlib._bootstrap>", line 219, in _call_with_frames_removed
  File "/home/django/abdigitalindia.in/core/models.py", line 37
    pay_sprint_ref_no = models.CharField(_(PaySprint Ref Number"), max_length=500, null=True, blank=True)
                                                     ^
SyntaxError: invalid syntax
/home/django/abdigitalindia.in/core/models.py changed, reloading.
Watching for file changes with StatReloader
[21/Aug/2024 20:59:12] "GET /user/aadhar-pay HTTP/1.1" 302 0
[21/Aug/2024 20:59:12] "GET /user/aeps-paysprint?next=/user/aadhar-pay HTTP/1.1" 200 31987
[21/Aug/2024 20:59:23] "GET /user/balance-enquiry HTTP/1.1" 302 0
[21/Aug/2024 20:59:24] "GET /user/aeps-paysprint?next=/user/balance-enquiry HTTP/1.1" 200 31987
[21/Aug/2024 20:59:27] "GET /user/do-transaction HTTP/1.1" 302 0
[21/Aug/2024 20:59:27] "GET /user/aeps-paysprint?next=/user/do-transaction HTTP/1.1" 200 31987
[21/Aug/2024 21:00:01] "GET / HTTP/1.1" 200 31911
[21/Aug/2024 21:07:27] "GET / HTTP/1.1" 200 31911
[21/Aug/2024 21:08:16] "GET /user/ HTTP/1.1" 200 31717
[21/Aug/2024 21:08:23] "GET /user/balance-enquiry HTTP/1.1" 302 0
[21/Aug/2024 21:08:23] "GET /user/aeps-paysprint?next=/user/balance-enquiry HTTP/1.1" 200 31987
Not Found: /web/css/button_style.css
[21/Aug/2024 21:11:10] "GET /web/css/button_style.css HTTP/1.1" 404 3119
/home/django/abdigitalindia.in/backend/utils.py changed, reloading.
Performing system checks...

System check identified no issues (0 silenced).
August 21, 2024 - 20:58:43
Django version 4.2.10, using settings 'ab_digital_india.settings'
Starting development server at http://127.0.0.1:8000/
Quit the server with CONTROL-C.

Watching for file changes with StatReloader
[21/Aug/2024 21:12:15] "GET / HTTP/1.1" 200 31911
Not Found: /web/css/button_style.css
[21/Aug/2024 21:12:17] "GET /web/css/button_style.css HTTP/1.1" 404 3119
[21/Aug/2024 21:12:38] "GET /user/user-login HTTP/1.1" 200 14851
[21/Aug/2024 21:12:46] "POST /user/user-login HTTP/1.1" 302 0
[21/Aug/2024 21:12:47] "GET /user/ HTTP/1.1" 200 31717
[21/Aug/2024 21:13:11] "GET /admin HTTP/1.1" 301 0
[21/Aug/2024 21:13:11] "GET /admin/ HTTP/1.1" 200 17803
[21/Aug/2024 21:13:17] "GET /admin/backend/serviceactivation/ HTTP/1.1" 200 33706
[21/Aug/2024 21:13:18] "GET /admin/jsi18n/ HTTP/1.1" 200 3343
[21/Aug/2024 21:16:06] "GET / HTTP/1.1" 200 31911
[21/Aug/2024 21:16:07] "GET / HTTP/1.1" 200 31911
[21/Aug/2024 21:16:24] "GET /user/user-login HTTP/1.1" 200 14851
[21/Aug/2024 21:16:47] "POST /user/user-login HTTP/1.1" 302 0
[21/Aug/2024 21:16:48] "GET /user/ HTTP/1.1" 200 31717
[21/Aug/2024 21:22:17] "GET /user/balance-enquiry HTTP/1.1" 302 0
[21/Aug/2024 21:22:17] "GET /user/aeps-paysprint?next=/user/balance-enquiry HTTP/1.1" 200 31987
[21/Aug/2024 21:22:22] "POST /user/aeps-paysprint HTTP/1.1" 200 32123
[21/Aug/2024 21:22:49] "POST /user/aeps-paysprint HTTP/1.1" 200 32123
[21/Aug/2024 21:22:53] "GET /user/cash-withdrawl HTTP/1.1" 302 0
[21/Aug/2024 21:22:54] "GET /user/aeps-paysprint?next=/user/cash-withdrawl HTTP/1.1" 200 31987
[21/Aug/2024 21:23:09] "POST /user/aeps-paysprint HTTP/1.1" 200 32123
[21/Aug/2024 21:23:18] "GET /user/do-transaction HTTP/1.1" 302 0
[21/Aug/2024 21:23:19] "GET /user/aeps-paysprint?next=/user/do-transaction HTTP/1.1" 200 31987
[21/Aug/2024 21:23:22] "POST /user/aeps-paysprint HTTP/1.1" 200 32123
[21/Aug/2024 21:24:39] "GET /user/aadhar-pay HTTP/1.1" 302 0
[21/Aug/2024 21:24:39] "GET /user/aeps-paysprint?next=/user/aadhar-pay HTTP/1.1" 200 31987
[21/Aug/2024 21:24:44] "POST /user/aeps-paysprint HTTP/1.1" 200 32123
[21/Aug/2024 21:24:49] "GET /user/all-master-distributors HTTP/1.1" 200 32791
[21/Aug/2024 21:24:52] "GET /user/create-new-master-distributor HTTP/1.1" 200 37161
[21/Aug/2024 21:36:57] "GET / HTTP/1.1" 200 31911
[21/Aug/2024 21:37:14] "GET /user/user-login HTTP/1.1" 200 14851
[21/Aug/2024 21:38:23] "POST /user/user-login HTTP/1.1" 302 0
[21/Aug/2024 21:38:24] "GET /user/ HTTP/1.1" 200 31717
[21/Aug/2024 21:38:28] "GET /admin HTTP/1.1" 301 0
[21/Aug/2024 21:38:29] "GET /admin/ HTTP/1.1" 200 17803
Not Found: /favicon.ico
[21/Aug/2024 21:38:34] "GET /favicon.ico HTTP/1.1" 404 3084
[21/Aug/2024 21:39:38] "GET /admin/backend/aepstxncallbackbyeko/ HTTP/1.1" 200 75633
[21/Aug/2024 21:39:41] "GET /admin/jsi18n/ HTTP/1.1" 200 3343
[21/Aug/2024 21:40:12] "GET /user/balance-enquiry HTTP/1.1" 302 0
[21/Aug/2024 21:40:15] "GET /user/aeps-paysprint?next=/user/balance-enquiry HTTP/1.1" 200 31987
[21/Aug/2024 21:40:19] "POST /user/aeps-paysprint HTTP/1.1" 200 32123
[21/Aug/2024 21:41:36] "GET / HTTP/1.1" 200 31911
[21/Aug/2024 21:42:10] "GET /user/bbps-recharge/5 HTTP/1.1" 200 39369
[21/Aug/2024 21:42:21] "GET /user/get-bbps-recharge-param?operator_id=400 HTTP/1.1" 200 304
[21/Aug/2024 21:42:38] "GET /user/bbps-paybill?utility_acc_no=9568855837&operator_id=400&latlong=27.1407174%2C78.0309542&amount=22&hcc=on HTTP/1.1" 200 855
[21/Aug/2024 21:42:48] "GET /user/balance-enquiry HTTP/1.1" 302 0
[21/Aug/2024 21:42:49] "GET /user/aeps-paysprint?next=/user/balance-enquiry HTTP/1.1" 200 31987
[21/Aug/2024 21:42:53] "POST /user/aeps-paysprint HTTP/1.1" 200 32123
[21/Aug/2024 21:43:28] "GET /admin/ HTTP/1.1" 200 17803
[21/Aug/2024 21:52:06] "GET /user/balance-enquiry HTTP/1.1" 302 0
[21/Aug/2024 21:52:06] "GET /user/aeps-paysprint?next=/user/balance-enquiry HTTP/1.1" 200 31987
[21/Aug/2024 21:52:09] "GET /user/aeps-paysprint HTTP/1.1" 302 0
[21/Aug/2024 21:52:09] "GET /user/user-login?next=/user/aeps-paysprint HTTP/1.1" 200 14851
[21/Aug/2024 21:52:09] "POST /user/aeps-paysprint HTTP/1.1" 200 32123
[21/Aug/2024 21:52:24] "GET /user/all-master-distributors HTTP/1.1" 200 32791
[21/Aug/2024 21:52:25] "GET /user/all-master-distributors HTTP/1.1" 302 0
[21/Aug/2024 21:52:25] "GET /user/user-login?next=/user/all-master-distributors HTTP/1.1" 200 14851
[21/Aug/2024 21:52:28] "GET /user/create-new-master-distributor HTTP/1.1" 200 37161
[21/Aug/2024 21:52:28] "GET /user/create-new-master-distributor HTTP/1.1" 302 0
[21/Aug/2024 21:52:29] "GET /user/user-login?next=/user/create-new-master-distributor HTTP/1.1" 200 14851
[21/Aug/2024 21:52:36] "GET /user/ HTTP/1.1" 200 31717
[21/Aug/2024 21:52:37] "GET /user HTTP/1.1" 301 0
[21/Aug/2024 21:52:37] "GET /user/ HTTP/1.1" 302 0
[21/Aug/2024 21:52:37] "GET /user/user-login?next=/user/ HTTP/1.1" 200 14851
